<?xml version="1.0" encoding="UTF-8"?>
<coverage generated="1680792328900" clover="3.2.0">
  <project timestamp="1680792328900" name="All files">
    <metrics statements="92" coveredstatements="64" conditionals="24" coveredconditionals="20" methods="40" coveredmethods="25" elements="156" coveredelements="109" complexity="0" loc="92" ncloc="92" packages="1" files="5" classes="5"/>
    <file name="Behaviors.js" path="/home/mahabub/microverse/proj/tdd-todo/src/libs/Behaviors.js">
      <metrics statements="9" coveredstatements="2" conditionals="0" coveredconditionals="0" methods="6" coveredmethods="1"/>
      <line num="6" count="0" type="stmt"/>
      <line num="7" count="0" type="stmt"/>
      <line num="11" count="2" type="stmt"/>
      <line num="12" count="2" type="stmt"/>
      <line num="16" count="0" type="stmt"/>
      <line num="20" count="0" type="stmt"/>
      <line num="21" count="0" type="stmt"/>
      <line num="25" count="0" type="stmt"/>
      <line num="29" count="0" type="stmt"/>
    </file>
    <file name="Renderer.js" path="/home/mahabub/microverse/proj/tdd-todo/src/libs/Renderer.js">
      <metrics statements="53" coveredstatements="32" conditionals="14" coveredconditionals="11" methods="17" coveredmethods="7"/>
      <line num="7" count="11" type="stmt"/>
      <line num="8" count="11" type="stmt"/>
      <line num="9" count="11" type="stmt"/>
      <line num="10" count="11" type="stmt"/>
      <line num="14" count="65" type="cond" truecount="2" falsecount="0"/>
      <line num="19" count="0" type="stmt"/>
      <line num="20" count="0" type="stmt"/>
      <line num="22" count="0" type="stmt"/>
      <line num="23" count="0" type="stmt"/>
      <line num="26" count="0" type="stmt"/>
      <line num="27" count="0" type="stmt"/>
      <line num="28" count="0" type="stmt"/>
      <line num="30" count="0" type="stmt"/>
      <line num="34" count="54" type="stmt"/>
      <line num="35" count="54" type="stmt"/>
      <line num="36" count="54" type="cond" truecount="4" falsecount="0"/>
      <line num="37" count="11" type="stmt"/>
      <line num="38" count="28" type="stmt"/>
      <line num="39" count="28" type="stmt"/>
      <line num="40" count="28" type="stmt"/>
      <line num="41" count="28" type="stmt"/>
      <line num="47" count="28" type="stmt"/>
      <line num="48" count="28" type="stmt"/>
      <line num="49" count="2" type="stmt"/>
      <line num="50" count="2" type="stmt"/>
      <line num="51" count="2" type="stmt"/>
      <line num="52" count="2" type="stmt"/>
      <line num="53" count="2" type="stmt"/>
      <line num="54" count="2" type="stmt"/>
      <line num="55" count="2" type="stmt"/>
      <line num="57" count="28" type="stmt"/>
      <line num="58" count="0" type="cond" truecount="0" falsecount="2"/>
      <line num="59" count="0" type="stmt"/>
      <line num="60" count="0" type="stmt"/>
      <line num="61" count="0" type="stmt"/>
      <line num="62" count="0" type="stmt"/>
      <line num="65" count="28" type="stmt"/>
      <line num="66" count="28" type="stmt"/>
      <line num="67" count="28" type="stmt"/>
      <line num="68" count="53" type="stmt"/>
      <line num="69" count="53" type="stmt"/>
      <line num="72" count="28" type="stmt"/>
      <line num="73" count="0" type="stmt"/>
      <line num="74" count="0" type="stmt"/>
      <line num="75" count="0" type="stmt"/>
      <line num="76" count="0" type="stmt"/>
      <line num="77" count="0" type="stmt"/>
      <line num="78" count="0" type="stmt"/>
      <line num="80" count="0" type="stmt"/>
      <line num="82" count="28" type="stmt"/>
      <line num="83" count="28" type="stmt"/>
      <line num="84" count="0" type="stmt"/>
      <line num="88" count="43" type="stmt"/>
    </file>
    <file name="Storage.js" path="/home/mahabub/microverse/proj/tdd-todo/src/libs/Storage.js">
      <metrics statements="3" coveredstatements="3" conditionals="3" coveredconditionals="2" methods="3" coveredmethods="3"/>
      <line num="3" count="78" type="stmt"/>
      <line num="7" count="83" type="cond" truecount="2" falsecount="0"/>
      <line num="11" count="48" type="stmt"/>
    </file>
    <file name="Task.js" path="/home/mahabub/microverse/proj/tdd-todo/src/libs/Task.js">
      <metrics statements="3" coveredstatements="3" conditionals="1" coveredconditionals="1" methods="1" coveredmethods="1"/>
      <line num="3" count="19" type="stmt"/>
      <line num="4" count="19" type="stmt"/>
      <line num="5" count="19" type="stmt"/>
    </file>
    <file name="ToDo.js" path="/home/mahabub/microverse/proj/tdd-todo/src/libs/ToDo.js">
      <metrics statements="24" coveredstatements="24" conditionals="6" coveredconditionals="6" methods="13" coveredmethods="13"/>
      <line num="8" count="11" type="stmt"/>
      <line num="9" count="11" type="cond" truecount="2" falsecount="0"/>
      <line num="10" count="11" type="cond" truecount="2" falsecount="0"/>
      <line num="11" count="11" type="stmt"/>
      <line num="12" count="11" type="stmt"/>
      <line num="16" count="40" type="stmt"/>
      <line num="17" count="62" type="stmt"/>
      <line num="22" count="40" type="stmt"/>
      <line num="23" count="40" type="stmt"/>
      <line num="24" count="40" type="stmt"/>
      <line num="28" count="3" type="stmt"/>
      <line num="29" count="9" type="cond" truecount="2" falsecount="0"/>
      <line num="30" count="3" type="stmt"/>
      <line num="33" count="3" type="stmt"/>
      <line num="37" count="19" type="stmt"/>
      <line num="38" count="19" type="stmt"/>
      <line num="39" count="19" type="stmt"/>
      <line num="43" count="1" type="stmt"/>
      <line num="44" count="1" type="stmt"/>
      <line num="45" count="1" type="stmt"/>
      <line num="49" count="7" type="stmt"/>
      <line num="50" count="5" type="stmt"/>
      <line num="54" count="3" type="stmt"/>
      <line num="55" count="1" type="stmt"/>
    </file>
  </project>
</coverage>
