{"/home/mahabub/microverse/proj/tdd-todo/src/libs/Behaviors.js": {"path":"/home/mahabub/microverse/proj/tdd-todo/src/libs/Behaviors.js","statementMap":{"0":{"start":{"line":6,"column":4},"end":{"line":6,"column":39}},"1":{"start":{"line":7,"column":4},"end":{"line":7,"column":28}},"2":{"start":{"line":11,"column":22},"end":{"line":11,"column":56}},"3":{"start":{"line":12,"column":4},"end":{"line":12,"column":29}},"4":{"start":{"line":16,"column":4},"end":{"line":16,"column":90}},"5":{"start":{"line":20,"column":22},"end":{"line":20,"column":56}},"6":{"start":{"line":21,"column":4},"end":{"line":21,"column":33}},"7":{"start":{"line":25,"column":4},"end":{"line":25,"column":32}},"8":{"start":{"line":29,"column":4},"end":{"line":29,"column":25}}},"fnMap":{"0":{"name":"(anonymous_0)","decl":{"start":{"line":5,"column":2},"end":{"line":5,"column":3}},"loc":{"start":{"line":5,"column":23},"end":{"line":8,"column":3}},"line":5},"1":{"name":"(anonymous_1)","decl":{"start":{"line":10,"column":2},"end":{"line":10,"column":3}},"loc":{"start":{"line":10,"column":23},"end":{"line":13,"column":3}},"line":10},"2":{"name":"(anonymous_2)","decl":{"start":{"line":15,"column":2},"end":{"line":15,"column":3}},"loc":{"start":{"line":15,"column":21},"end":{"line":17,"column":3}},"line":15},"3":{"name":"(anonymous_3)","decl":{"start":{"line":19,"column":2},"end":{"line":19,"column":3}},"loc":{"start":{"line":19,"column":23},"end":{"line":22,"column":3}},"line":19},"4":{"name":"(anonymous_4)","decl":{"start":{"line":24,"column":2},"end":{"line":24,"column":3}},"loc":{"start":{"line":24,"column":26},"end":{"line":26,"column":3}},"line":24},"5":{"name":"(anonymous_5)","decl":{"start":{"line":28,"column":2},"end":{"line":28,"column":3}},"loc":{"start":{"line":28,"column":18},"end":{"line":30,"column":3}},"line":28}},"branchMap":{},"s":{"0":0,"1":0,"2":2,"3":2,"4":0,"5":0,"6":0,"7":0,"8":0},"f":{"0":0,"1":2,"2":0,"3":0,"4":0,"5":0},"b":{},"_coverageSchema":"1a1c01bbd47fc00a2c39e90264f33305004495a9","hash":"7243c2a08039057444024bd8dcd0a4bafaf7a809"}
,"/home/mahabub/microverse/proj/tdd-todo/src/libs/Renderer.js": {"path":"/home/mahabub/microverse/proj/tdd-todo/src/libs/Renderer.js","statementMap":{"0":{"start":{"line":7,"column":4},"end":{"line":7,"column":29}},"1":{"start":{"line":8,"column":4},"end":{"line":8,"column":57}},"2":{"start":{"line":9,"column":4},"end":{"line":9,"column":23}},"3":{"start":{"line":10,"column":4},"end":{"line":10,"column":18}},"4":{"start":{"line":14,"column":4},"end":{"line":14,"column":59}},"5":{"start":{"line":19,"column":20},"end":{"line":19,"column":22}},"6":{"start":{"line":20,"column":24},"end":{"line":20,"column":61}},"7":{"start":{"line":22,"column":4},"end":{"line":24,"column":5}},"8":{"start":{"line":23,"column":6},"end":{"line":23,"column":70}},"9":{"start":{"line":26,"column":4},"end":{"line":29,"column":5}},"10":{"start":{"line":27,"column":19},"end":{"line":27,"column":24}},"11":{"start":{"line":28,"column":6},"end":{"line":28,"column":30}},"12":{"start":{"line":30,"column":4},"end":{"line":30,"column":37}},"13":{"start":{"line":34,"column":4},"end":{"line":34,"column":23}},"14":{"start":{"line":35,"column":4},"end":{"line":35,"column":32}},"15":{"start":{"line":36,"column":4},"end":{"line":89,"column":5}},"16":{"start":{"line":37,"column":6},"end":{"line":86,"column":9}},"17":{"start":{"line":38,"column":21},"end":{"line":38,"column":49}},"18":{"start":{"line":39,"column":8},"end":{"line":39,"column":38}},"19":{"start":{"line":40,"column":8},"end":{"line":40,"column":30}},"20":{"start":{"line":41,"column":8},"end":{"line":46,"column":10}},"21":{"start":{"line":47,"column":8},"end":{"line":47,"column":76}},"22":{"start":{"line":47,"column":51},"end":{"line":47,"column":74}},"23":{"start":{"line":48,"column":8},"end":{"line":56,"column":11}},"24":{"start":{"line":49,"column":10},"end":{"line":49,"column":60}},"25":{"start":{"line":50,"column":10},"end":{"line":50,"column":37}},"26":{"start":{"line":51,"column":10},"end":{"line":51,"column":45}},"27":{"start":{"line":52,"column":22},"end":{"line":52,"column":55}},"28":{"start":{"line":53,"column":10},"end":{"line":53,"column":64}},"29":{"start":{"line":54,"column":10},"end":{"line":54,"column":41}},"30":{"start":{"line":55,"column":10},"end":{"line":55,"column":76}},"31":{"start":{"line":55,"column":51},"end":{"line":55,"column":74}},"32":{"start":{"line":57,"column":8},"end":{"line":64,"column":11}},"33":{"start":{"line":58,"column":10},"end":{"line":63,"column":11}},"34":{"start":{"line":59,"column":12},"end":{"line":59,"column":34}},"35":{"start":{"line":60,"column":12},"end":{"line":60,"column":60}},"36":{"start":{"line":61,"column":12},"end":{"line":61,"column":69}},"37":{"start":{"line":62,"column":12},"end":{"line":62,"column":42}},"38":{"start":{"line":65,"column":8},"end":{"line":65,"column":39}},"39":{"start":{"line":66,"column":25},"end":{"line":66,"column":62}},"40":{"start":{"line":67,"column":8},"end":{"line":70,"column":11}},"41":{"start":{"line":68,"column":10},"end":{"line":68,"column":100}},"42":{"start":{"line":68,"column":49},"end":{"line":68,"column":98}},"43":{"start":{"line":68,"column":66},"end":{"line":68,"column":94}},"44":{"start":{"line":69,"column":10},"end":{"line":69,"column":80}},"45":{"start":{"line":69,"column":47},"end":{"line":69,"column":78}},"46":{"start":{"line":72,"column":8},"end":{"line":81,"column":17}},"47":{"start":{"line":73,"column":10},"end":{"line":73,"column":33}},"48":{"start":{"line":74,"column":32},"end":{"line":74,"column":73}},"49":{"start":{"line":75,"column":27},"end":{"line":75,"column":82}},"50":{"start":{"line":76,"column":30},"end":{"line":79,"column":12}},"51":{"start":{"line":77,"column":48},"end":{"line":77,"column":55}},"52":{"start":{"line":78,"column":12},"end":{"line":78,"column":65}},"53":{"start":{"line":80,"column":10},"end":{"line":80,"column":64}},"54":{"start":{"line":82,"column":8},"end":{"line":82,"column":86}},"55":{"start":{"line":82,"column":62},"end":{"line":82,"column":84}},"56":{"start":{"line":83,"column":8},"end":{"line":85,"column":11}},"57":{"start":{"line":84,"column":10},"end":{"line":84,"column":31}},"58":{"start":{"line":88,"column":6},"end":{"line":88,"column":57}}},"fnMap":{"0":{"name":"(anonymous_0)","decl":{"start":{"line":6,"column":2},"end":{"line":6,"column":3}},"loc":{"start":{"line":6,"column":34},"end":{"line":11,"column":3}},"line":6},"1":{"name":"(anonymous_1)","decl":{"start":{"line":13,"column":2},"end":{"line":13,"column":3}},"loc":{"start":{"line":13,"column":34},"end":{"line":15,"column":3}},"line":13},"2":{"name":"(anonymous_2)","decl":{"start":{"line":18,"column":2},"end":{"line":18,"column":3}},"loc":{"start":{"line":18,"column":18},"end":{"line":31,"column":3}},"line":18},"3":{"name":"(anonymous_3)","decl":{"start":{"line":33,"column":2},"end":{"line":33,"column":3}},"loc":{"start":{"line":33,"column":11},"end":{"line":90,"column":3}},"line":33},"4":{"name":"(anonymous_4)","decl":{"start":{"line":37,"column":24},"end":{"line":37,"column":25}},"loc":{"start":{"line":37,"column":32},"end":{"line":86,"column":7}},"line":37},"5":{"name":"(anonymous_5)","decl":{"start":{"line":47,"column":40},"end":{"line":47,"column":41}},"loc":{"start":{"line":47,"column":51},"end":{"line":47,"column":74}},"line":47},"6":{"name":"(anonymous_6)","decl":{"start":{"line":48,"column":42},"end":{"line":48,"column":43}},"loc":{"start":{"line":48,"column":48},"end":{"line":56,"column":9}},"line":48},"7":{"name":"(anonymous_7)","decl":{"start":{"line":55,"column":40},"end":{"line":55,"column":41}},"loc":{"start":{"line":55,"column":51},"end":{"line":55,"column":74}},"line":55},"8":{"name":"(anonymous_8)","decl":{"start":{"line":57,"column":63},"end":{"line":57,"column":64}},"loc":{"start":{"line":57,"column":74},"end":{"line":64,"column":9}},"line":57},"9":{"name":"(anonymous_9)","decl":{"start":{"line":67,"column":25},"end":{"line":67,"column":26}},"loc":{"start":{"line":67,"column":33},"end":{"line":70,"column":9}},"line":67},"10":{"name":"(anonymous_10)","decl":{"start":{"line":68,"column":43},"end":{"line":68,"column":44}},"loc":{"start":{"line":68,"column":49},"end":{"line":68,"column":98}},"line":68},"11":{"name":"(anonymous_11)","decl":{"start":{"line":68,"column":60},"end":{"line":68,"column":61}},"loc":{"start":{"line":68,"column":66},"end":{"line":68,"column":94}},"line":68},"12":{"name":"(anonymous_12)","decl":{"start":{"line":69,"column":41},"end":{"line":69,"column":42}},"loc":{"start":{"line":69,"column":47},"end":{"line":69,"column":78}},"line":69},"13":{"name":"(anonymous_13)","decl":{"start":{"line":72,"column":50},"end":{"line":72,"column":51}},"loc":{"start":{"line":72,"column":61},"end":{"line":81,"column":9}},"line":72},"14":{"name":"(anonymous_14)","decl":{"start":{"line":76,"column":44},"end":{"line":76,"column":45}},"loc":{"start":{"line":76,"column":57},"end":{"line":79,"column":11}},"line":76},"15":{"name":"(anonymous_15)","decl":{"start":{"line":82,"column":51},"end":{"line":82,"column":52}},"loc":{"start":{"line":82,"column":62},"end":{"line":82,"column":84}},"line":82},"16":{"name":"(anonymous_16)","decl":{"start":{"line":83,"column":46},"end":{"line":83,"column":47}},"loc":{"start":{"line":83,"column":52},"end":{"line":85,"column":9}},"line":83}},"branchMap":{"0":{"loc":{"start":{"line":6,"column":14},"end":{"line":6,"column":32}},"type":"default-arg","locations":[{"start":{"line":6,"column":25},"end":{"line":6,"column":32}}],"line":6},"1":{"loc":{"start":{"line":13,"column":20},"end":{"line":13,"column":32}},"type":"default-arg","locations":[{"start":{"line":13,"column":30},"end":{"line":13,"column":32}}],"line":13},"2":{"loc":{"start":{"line":14,"column":16},"end":{"line":14,"column":58}},"type":"binary-expr","locations":[{"start":{"line":14,"column":16},"end":{"line":14,"column":47}},{"start":{"line":14,"column":51},"end":{"line":14,"column":58}}],"line":14},"3":{"loc":{"start":{"line":36,"column":4},"end":{"line":89,"column":5}},"type":"if","locations":[{"start":{"line":36,"column":4},"end":{"line":89,"column":5}},{"start":{"line":87,"column":11},"end":{"line":89,"column":5}}],"line":36},"4":{"loc":{"start":{"line":36,"column":8},"end":{"line":36,"column":41}},"type":"binary-expr","locations":[{"start":{"line":36,"column":8},"end":{"line":36,"column":17}},{"start":{"line":36,"column":21},"end":{"line":36,"column":41}}],"line":36},"5":{"loc":{"start":{"line":42,"column":33},"end":{"line":42,"column":62}},"type":"cond-expr","locations":[{"start":{"line":42,"column":48},"end":{"line":42,"column":57}},{"start":{"line":42,"column":60},"end":{"line":42,"column":62}}],"line":42},"6":{"loc":{"start":{"line":43,"column":23},"end":{"line":43,"column":54}},"type":"cond-expr","locations":[{"start":{"line":43,"column":38},"end":{"line":43,"column":49}},{"start":{"line":43,"column":52},"end":{"line":43,"column":54}}],"line":43},"7":{"loc":{"start":{"line":58,"column":10},"end":{"line":63,"column":11}},"type":"if","locations":[{"start":{"line":58,"column":10},"end":{"line":63,"column":11}},{"start":{},"end":{}}],"line":58}},"s":{"0":11,"1":11,"2":11,"3":11,"4":65,"5":0,"6":0,"7":0,"8":0,"9":0,"10":0,"11":0,"12":0,"13":54,"14":54,"15":54,"16":11,"17":28,"18":28,"19":28,"20":28,"21":28,"22":0,"23":28,"24":2,"25":2,"26":2,"27":2,"28":2,"29":2,"30":2,"31":2,"32":28,"33":0,"34":0,"35":0,"36":0,"37":0,"38":28,"39":28,"40":28,"41":53,"42":0,"43":0,"44":53,"45":0,"46":28,"47":0,"48":0,"49":0,"50":0,"51":0,"52":0,"53":0,"54":28,"55":0,"56":28,"57":0,"58":43},"f":{"0":11,"1":65,"2":0,"3":54,"4":28,"5":0,"6":2,"7":2,"8":0,"9":53,"10":0,"11":0,"12":0,"13":0,"14":0,"15":0,"16":0},"b":{"0":[0],"1":[65],"2":[65,4],"3":[11,43],"4":[54,12],"5":[2,26],"6":[2,26],"7":[0,0]},"_coverageSchema":"1a1c01bbd47fc00a2c39e90264f33305004495a9","hash":"76e9a928abf4450b1e9de64453233b520945c4f0"}
,"/home/mahabub/microverse/proj/tdd-todo/src/libs/Storage.js": {"path":"/home/mahabub/microverse/proj/tdd-todo/src/libs/Storage.js","statementMap":{"0":{"start":{"line":3,"column":4},"end":{"line":3,"column":19}},"1":{"start":{"line":7,"column":4},"end":{"line":7,"column":94}},"2":{"start":{"line":11,"column":4},"end":{"line":11,"column":60}}},"fnMap":{"0":{"name":"(anonymous_0)","decl":{"start":{"line":2,"column":2},"end":{"line":2,"column":3}},"loc":{"start":{"line":2,"column":29},"end":{"line":4,"column":3}},"line":2},"1":{"name":"(anonymous_1)","decl":{"start":{"line":6,"column":2},"end":{"line":6,"column":3}},"loc":{"start":{"line":6,"column":8},"end":{"line":8,"column":3}},"line":6},"2":{"name":"(anonymous_2)","decl":{"start":{"line":10,"column":2},"end":{"line":10,"column":3}},"loc":{"start":{"line":10,"column":15},"end":{"line":12,"column":3}},"line":10}},"branchMap":{"0":{"loc":{"start":{"line":2,"column":14},"end":{"line":2,"column":27}},"type":"default-arg","locations":[{"start":{"line":2,"column":20},"end":{"line":2,"column":27}}],"line":2},"1":{"loc":{"start":{"line":7,"column":11},"end":{"line":7,"column":93}},"type":"cond-expr","locations":[{"start":{"line":7,"column":44},"end":{"line":7,"column":86}},{"start":{"line":7,"column":89},"end":{"line":7,"column":93}}],"line":7}},"s":{"0":78,"1":83,"2":48},"f":{"0":78,"1":83,"2":48},"b":{"0":[0],"1":[77,6]},"_coverageSchema":"1a1c01bbd47fc00a2c39e90264f33305004495a9","hash":"9f4b997a32f3feeac795db3ae0b39a1621219aa6"}
,"/home/mahabub/microverse/proj/tdd-todo/src/libs/Task.js": {"path":"/home/mahabub/microverse/proj/tdd-todo/src/libs/Task.js","statementMap":{"0":{"start":{"line":3,"column":4},"end":{"line":3,"column":35}},"1":{"start":{"line":4,"column":4},"end":{"line":4,"column":31}},"2":{"start":{"line":5,"column":4},"end":{"line":5,"column":23}}},"fnMap":{"0":{"name":"(anonymous_0)","decl":{"start":{"line":2,"column":2},"end":{"line":2,"column":3}},"loc":{"start":{"line":2,"column":53},"end":{"line":6,"column":3}},"line":2}},"branchMap":{"0":{"loc":{"start":{"line":2,"column":34},"end":{"line":2,"column":51}},"type":"default-arg","locations":[{"start":{"line":2,"column":46},"end":{"line":2,"column":51}}],"line":2}},"s":{"0":19,"1":19,"2":19},"f":{"0":19},"b":{"0":[19]},"_coverageSchema":"1a1c01bbd47fc00a2c39e90264f33305004495a9","hash":"8108093456a2d883db404f7ca97ffeb0b819fb35"}
,"/home/mahabub/microverse/proj/tdd-todo/src/libs/ToDo.js": {"path":"/home/mahabub/microverse/proj/tdd-todo/src/libs/ToDo.js","statementMap":{"0":{"start":{"line":8,"column":4},"end":{"line":8,"column":39}},"1":{"start":{"line":9,"column":4},"end":{"line":9,"column":41}},"2":{"start":{"line":10,"column":4},"end":{"line":10,"column":61}},"3":{"start":{"line":11,"column":4},"end":{"line":11,"column":40}},"4":{"start":{"line":12,"column":4},"end":{"line":12,"column":23}},"5":{"start":{"line":16,"column":4},"end":{"line":18,"column":7}},"6":{"start":{"line":17,"column":6},"end":{"line":17,"column":26}},"7":{"start":{"line":22,"column":4},"end":{"line":22,"column":21}},"8":{"start":{"line":23,"column":4},"end":{"line":23,"column":32}},"9":{"start":{"line":24,"column":4},"end":{"line":24,"column":25}},"10":{"start":{"line":28,"column":4},"end":{"line":32,"column":7}},"11":{"start":{"line":29,"column":6},"end":{"line":31,"column":7}},"12":{"start":{"line":30,"column":8},"end":{"line":30,"column":41}},"13":{"start":{"line":33,"column":4},"end":{"line":33,"column":23}},"14":{"start":{"line":37,"column":24},"end":{"line":37,"column":42}},"15":{"start":{"line":38,"column":4},"end":{"line":38,"column":48}},"16":{"start":{"line":39,"column":4},"end":{"line":39,"column":23}},"17":{"start":{"line":43,"column":18},"end":{"line":43,"column":74}},"18":{"start":{"line":43,"column":48},"end":{"line":43,"column":73}},"19":{"start":{"line":44,"column":4},"end":{"line":44,"column":66}},"20":{"start":{"line":45,"column":4},"end":{"line":45,"column":23}},"21":{"start":{"line":49,"column":4},"end":{"line":49,"column":69}},"22":{"start":{"line":49,"column":41},"end":{"line":49,"column":67}},"23":{"start":{"line":50,"column":4},"end":{"line":50,"column":23}},"24":{"start":{"line":54,"column":4},"end":{"line":54,"column":65}},"25":{"start":{"line":54,"column":41},"end":{"line":54,"column":63}},"26":{"start":{"line":55,"column":4},"end":{"line":55,"column":23}}},"fnMap":{"0":{"name":"(anonymous_0)","decl":{"start":{"line":7,"column":2},"end":{"line":7,"column":3}},"loc":{"start":{"line":7,"column":16},"end":{"line":13,"column":3}},"line":7},"1":{"name":"(anonymous_1)","decl":{"start":{"line":15,"column":2},"end":{"line":15,"column":3}},"loc":{"start":{"line":15,"column":14},"end":{"line":19,"column":3}},"line":15},"2":{"name":"(anonymous_2)","decl":{"start":{"line":16,"column":22},"end":{"line":16,"column":23}},"loc":{"start":{"line":16,"column":36},"end":{"line":18,"column":5}},"line":16},"3":{"name":"(anonymous_3)","decl":{"start":{"line":21,"column":2},"end":{"line":21,"column":3}},"loc":{"start":{"line":21,"column":16},"end":{"line":25,"column":3}},"line":21},"4":{"name":"(anonymous_4)","decl":{"start":{"line":27,"column":2},"end":{"line":27,"column":3}},"loc":{"start":{"line":27,"column":20},"end":{"line":34,"column":3}},"line":27},"5":{"name":"(anonymous_5)","decl":{"start":{"line":28,"column":22},"end":{"line":28,"column":23}},"loc":{"start":{"line":28,"column":32},"end":{"line":32,"column":5}},"line":28},"6":{"name":"(anonymous_6)","decl":{"start":{"line":36,"column":2},"end":{"line":36,"column":3}},"loc":{"start":{"line":36,"column":12},"end":{"line":40,"column":3}},"line":36},"7":{"name":"(anonymous_7)","decl":{"start":{"line":42,"column":2},"end":{"line":42,"column":3}},"loc":{"start":{"line":42,"column":19},"end":{"line":46,"column":3}},"line":42},"8":{"name":"(anonymous_8)","decl":{"start":{"line":43,"column":38},"end":{"line":43,"column":39}},"loc":{"start":{"line":43,"column":48},"end":{"line":43,"column":73}},"line":43},"9":{"name":"(anonymous_9)","decl":{"start":{"line":48,"column":2},"end":{"line":48,"column":3}},"loc":{"start":{"line":48,"column":16},"end":{"line":51,"column":3}},"line":48},"10":{"name":"(anonymous_10)","decl":{"start":{"line":49,"column":33},"end":{"line":49,"column":34}},"loc":{"start":{"line":49,"column":41},"end":{"line":49,"column":67}},"line":49},"11":{"name":"(anonymous_11)","decl":{"start":{"line":53,"column":2},"end":{"line":53,"column":3}},"loc":{"start":{"line":53,"column":19},"end":{"line":56,"column":3}},"line":53},"12":{"name":"(anonymous_12)","decl":{"start":{"line":54,"column":33},"end":{"line":54,"column":34}},"loc":{"start":{"line":54,"column":41},"end":{"line":54,"column":63}},"line":54}},"branchMap":{"0":{"loc":{"start":{"line":9,"column":16},"end":{"line":9,"column":40}},"type":"binary-expr","locations":[{"start":{"line":9,"column":16},"end":{"line":9,"column":34}},{"start":{"line":9,"column":38},"end":{"line":9,"column":40}}],"line":9},"1":{"loc":{"start":{"line":10,"column":17},"end":{"line":10,"column":60}},"type":"cond-expr","locations":[{"start":{"line":10,"column":40},"end":{"line":10,"column":56}},{"start":{"line":10,"column":59},"end":{"line":10,"column":60}}],"line":10},"2":{"loc":{"start":{"line":29,"column":6},"end":{"line":31,"column":7}},"type":"if","locations":[{"start":{"line":29,"column":6},"end":{"line":31,"column":7}},{"start":{},"end":{}}],"line":29}},"s":{"0":11,"1":11,"2":11,"3":11,"4":11,"5":40,"6":62,"7":40,"8":40,"9":40,"10":3,"11":9,"12":3,"13":3,"14":19,"15":19,"16":19,"17":1,"18":1,"19":1,"20":1,"21":5,"22":7,"23":5,"24":1,"25":3,"26":1},"f":{"0":11,"1":40,"2":62,"3":40,"4":3,"5":9,"6":19,"7":1,"8":1,"9":5,"10":7,"11":1,"12":3},"b":{"0":[11,2],"1":[4,7],"2":[3,6]},"_coverageSchema":"1a1c01bbd47fc00a2c39e90264f33305004495a9","hash":"f2a6159d9b9b3c8e01fe79c7aa8e39faa6f42f7d"}
}
