TN:
SF:src/libs/Behaviors.js
FN:5,(anonymous_0)
FN:10,(anonymous_1)
FN:15,(anonymous_2)
FN:19,(anonymous_3)
FN:24,(anonymous_4)
FN:28,(anonymous_5)
FNF:6
FNH:1
FNDA:0,(anonymous_0)
FNDA:2,(anonymous_1)
FNDA:0,(anonymous_2)
FNDA:0,(anonymous_3)
FNDA:0,(anonymous_4)
FNDA:0,(anonymous_5)
DA:6,0
DA:7,0
DA:11,2
DA:12,2
DA:16,0
DA:20,0
DA:21,0
DA:25,0
DA:29,0
LF:9
LH:2
BRF:0
BRH:0
end_of_record
TN:
SF:src/libs/Renderer.js
FN:6,(anonymous_0)
FN:13,(anonymous_1)
FN:18,(anonymous_2)
FN:33,(anonymous_3)
FN:37,(anonymous_4)
FN:47,(anonymous_5)
FN:48,(anonymous_6)
FN:55,(anonymous_7)
FN:57,(anonymous_8)
FN:67,(anonymous_9)
FN:68,(anonymous_10)
FN:68,(anonymous_11)
FN:69,(anonymous_12)
FN:72,(anonymous_13)
FN:76,(anonymous_14)
FN:82,(anonymous_15)
FN:83,(anonymous_16)
FNF:17
FNH:7
FNDA:11,(anonymous_0)
FNDA:65,(anonymous_1)
FNDA:0,(anonymous_2)
FNDA:54,(anonymous_3)
FNDA:28,(anonymous_4)
FNDA:0,(anonymous_5)
FNDA:2,(anonymous_6)
FNDA:2,(anonymous_7)
FNDA:0,(anonymous_8)
FNDA:53,(anonymous_9)
FNDA:0,(anonymous_10)
FNDA:0,(anonymous_11)
FNDA:0,(anonymous_12)
FNDA:0,(anonymous_13)
FNDA:0,(anonymous_14)
FNDA:0,(anonymous_15)
FNDA:0,(anonymous_16)
DA:7,11
DA:8,11
DA:9,11
DA:10,11
DA:14,65
DA:19,0
DA:20,0
DA:22,0
DA:23,0
DA:26,0
DA:27,0
DA:28,0
DA:30,0
DA:34,54
DA:35,54
DA:36,54
DA:37,11
DA:38,28
DA:39,28
DA:40,28
DA:41,28
DA:47,28
DA:48,28
DA:49,2
DA:50,2
DA:51,2
DA:52,2
DA:53,2
DA:54,2
DA:55,2
DA:57,28
DA:58,0
DA:59,0
DA:60,0
DA:61,0
DA:62,0
DA:65,28
DA:66,28
DA:67,28
DA:68,53
DA:69,53
DA:72,28
DA:73,0
DA:74,0
DA:75,0
DA:76,0
DA:77,0
DA:78,0
DA:80,0
DA:82,28
DA:83,28
DA:84,0
DA:88,43
LF:53
LH:32
BRDA:6,0,0,0
BRDA:13,1,0,65
BRDA:14,2,0,65
BRDA:14,2,1,4
BRDA:36,3,0,11
BRDA:36,3,1,43
BRDA:36,4,0,54
BRDA:36,4,1,12
BRDA:42,5,0,2
BRDA:42,5,1,26
BRDA:43,6,0,2
BRDA:43,6,1,26
BRDA:58,7,0,0
BRDA:58,7,1,0
BRF:14
BRH:11
end_of_record
TN:
SF:src/libs/Storage.js
FN:2,(anonymous_0)
FN:6,(anonymous_1)
FN:10,(anonymous_2)
FNF:3
FNH:3
FNDA:78,(anonymous_0)
FNDA:83,(anonymous_1)
FNDA:48,(anonymous_2)
DA:3,78
DA:7,83
DA:11,48
LF:3
LH:3
BRDA:2,0,0,0
BRDA:7,1,0,77
BRDA:7,1,1,6
BRF:3
BRH:2
end_of_record
TN:
SF:src/libs/Task.js
FN:2,(anonymous_0)
FNF:1
FNH:1
FNDA:19,(anonymous_0)
DA:3,19
DA:4,19
DA:5,19
LF:3
LH:3
BRDA:2,0,0,19
BRF:1
BRH:1
end_of_record
TN:
SF:src/libs/ToDo.js
FN:7,(anonymous_0)
FN:15,(anonymous_1)
FN:16,(anonymous_2)
FN:21,(anonymous_3)
FN:27,(anonymous_4)
FN:28,(anonymous_5)
FN:36,(anonymous_6)
FN:42,(anonymous_7)
FN:43,(anonymous_8)
FN:48,(anonymous_9)
FN:49,(anonymous_10)
FN:53,(anonymous_11)
FN:54,(anonymous_12)
FNF:13
FNH:13
FNDA:11,(anonymous_0)
FNDA:40,(anonymous_1)
FNDA:62,(anonymous_2)
FNDA:40,(anonymous_3)
FNDA:3,(anonymous_4)
FNDA:9,(anonymous_5)
FNDA:19,(anonymous_6)
FNDA:1,(anonymous_7)
FNDA:1,(anonymous_8)
FNDA:5,(anonymous_9)
FNDA:7,(anonymous_10)
FNDA:1,(anonymous_11)
FNDA:3,(anonymous_12)
DA:8,11
DA:9,11
DA:10,11
DA:11,11
DA:12,11
DA:16,40
DA:17,62
DA:22,40
DA:23,40
DA:24,40
DA:28,3
DA:29,9
DA:30,3
DA:33,3
DA:37,19
DA:38,19
DA:39,19
DA:43,1
DA:44,1
DA:45,1
DA:49,7
DA:50,5
DA:54,3
DA:55,1
LF:24
LH:24
BRDA:9,0,0,11
BRDA:9,0,1,2
BRDA:10,1,0,4
BRDA:10,1,1,7
BRDA:29,2,0,3
BRDA:29,2,1,6
BRF:6
BRH:6
end_of_record
